# JRE version: OpenJDK Runtime Environment Temurin-17.0.2+8 (17.0.2+8) (build 17.0.2+8)
# Java VM: OpenJDK 64-Bit Server VM Temurin-17.0.2+8 (17.0.2+8, mixed mode, tiered, compressed oops, compressed class ptrs, parallel gc, linux-amd64)
GC Precious Log:
 CPUs: 1 total, 1 available
 Memory: 987M
 Large Page Support: Disabled
 NUMA Support: Disabled
 Compressed Oops: Enabled (32-bit)
 Alignments: Space 512K, Generation 512K, Heap 2M
 Heap Min Capacity: 100M
 Heap Initial Capacity: 100M
 Heap Max Capacity: 1G
 Pre-touch: Disabled
 Parallel Workers: 1
Heap:
 PSYoungGen      total 51712K, used 0K [0x00000000eab00000, 0x00000000ee880000, 0x0000000100000000)
  eden space 40448K, 0% used [0x00000000eab00000,0x00000000eab00000,0x00000000ed280000)
  from space 11264K, 0% used [0x00000000ed280000,0x00000000ed280000,0x00000000edd80000)
  to   space 9216K, 0% used [0x00000000edf80000,0x00000000edf80000,0x00000000ee880000)
 ParOldGen       total 266752K, used 264996K [0x00000000c0000000, 0x00000000d0480000, 0x00000000eab00000)
  object space 266752K, 99% used [0x00000000c0000000,0x00000000d02c91c8,0x00000000d0480000)
 Metaspace       used 49072K, committed 49920K, reserved 1097728K
  class space    used 5404K, committed 5824K, reserved 1048576K
GC Heap History (20 events):
Event: 107.516 GC heap after
{Heap after GC invocations=60 (full 6):
 PSYoungGen      total 48640K, used 4061K [0x00000000eab00000, 0x00000000ee700000, 0x0000000100000000)
  eden space 39936K, 0% used [0x00000000eab00000,0x00000000eab00000,0x00000000ed200000)
  from space 8704K, 46% used [0x00000000ed200000,0x00000000ed5f7718,0x00000000eda80000)
  to   space 8704K, 0% used [0x00000000ede80000,0x00000000ede80000,0x00000000ee700000)
 ParOldGen       total 266752K, used 191408K [0x00000000c0000000, 0x00000000d0480000, 0x00000000eab00000)
  object space 266752K, 71% used [0x00000000c0000000,0x00000000cbaec350,0x00000000d0480000)
 Metaspace       used 49068K, committed 49920K, reserved 1097728K
  class space    used 5404K, committed 5824K, reserved 1048576K
}
Event: 109.105 GC heap before
{Heap before GC invocations=61 (full 6):
 PSYoungGen      total 48640K, used 43997K [0x00000000eab00000, 0x00000000ee700000, 0x0000000100000000)
  eden space 39936K, 100% used [0x00000000eab00000,0x00000000ed200000,0x00000000ed200000)
  from space 8704K, 46% used [0x00000000ed200000,0x00000000ed5f7718,0x00000000eda80000)
  to   space 8704K, 0% used [0x00000000ede80000,0x00000000ede80000,0x00000000ee700000)
 ParOldGen       total 266752K, used 191408K [0x00000000c0000000, 0x00000000d0480000, 0x00000000eab00000)
  object space 266752K, 71% used [0x00000000c0000000,0x00000000cbaec350,0x00000000d0480000)
 Metaspace       used 49069K, committed 49920K, reserved 1097728K
  class space    used 5404K, committed 5824K, reserved 1048576K
}
Event: 109.506 GC heap after
{Heap after GC invocations=61 (full 6):
 PSYoungGen      total 47104K, used 8678K [0x00000000eab00000, 0x00000000ef180000, 0x0000000100000000)
  eden space 38400K, 0% used [0x00000000eab00000,0x00000000eab00000,0x00000000ed080000)
  from space 8704K, 99% used [0x00000000ede80000,0x00000000ee6f9aa0,0x00000000ee700000)
  to   space 14336K, 0% used [0x00000000ed080000,0x00000000ed080000,0x00000000ede80000)
 ParOldGen       total 266752K, used 195977K [0x00000000c0000000, 0x00000000d0480000, 0x00000000eab00000)
  object space 266752K, 73% used [0x00000000c0000000,0x00000000cbf62648,0x00000000d0480000)
 Metaspace       used 49069K, committed 49920K, reserved 1097728K
  class space    used 5404K, committed 5824K, reserved 1048576K
}
Event: 110.943 GC heap before
{Heap before GC invocations=62 (full 6):
 PSYoungGen      total 47104K, used 47078K [0x00000000eab00000, 0x00000000ef180000, 0x0000000100000000)
  eden space 38400K, 100% used [0x00000000eab00000,0x00000000ed080000,0x00000000ed080000)
  from space 8704K, 99% used [0x00000000ede80000,0x00000000ee6f9aa0,0x00000000ee700000)
  to   space 14336K, 0% used [0x00000000ed080000,0x00000000ed080000,0x00000000ede80000)
 ParOldGen       total 266752K, used 195977K [0x00000000c0000000, 0x00000000d0480000, 0x00000000eab00000)
  object space 266752K, 73% used [0x00000000c0000000,0x00000000cbf62648,0x00000000d0480000)
 Metaspace       used 49069K, committed 49920K, reserved 1097728K
  class space    used 5404K, committed 5824K, reserved 1048576K
}
Event: 111.179 GC heap after
{Heap after GC invocations=62 (full 6):
 PSYoungGen      total 52736K, used 8835K [0x00000000eab00000, 0x00000000ee900000, 0x0000000100000000)
  eden space 38400K, 0% used [0x00000000eab00000,0x00000000eab00000,0x00000000ed080000)
  from space 14336K, 61% used [0x00000000ed080000,0x00000000ed920f18,0x00000000ede80000)
  to   space 10752K, 0% used [0x00000000ede80000,0x00000000ede80000,0x00000000ee900000)
 ParOldGen       total 266752K, used 204762K [0x00000000c0000000, 0x00000000d0480000, 0x00000000eab00000)
  object space 266752K, 76% used [0x00000000c0000000,0x00000000cc7f6838,0x00000000d0480000)
 Metaspace       used 49069K, committed 49920K, reserved 1097728K
  class space    used 5404K, committed 5824K, reserved 1048576K
}
Event: 112.306 GC heap before
{Heap before GC invocations=63 (full 6):
 PSYoungGen      total 52736K, used 47235K [0x00000000eab00000, 0x00000000ee900000, 0x0000000100000000)
  eden space 38400K, 100% used [0x00000000eab00000,0x00000000ed080000,0x00000000ed080000)
  from space 14336K, 61% used [0x00000000ed080000,0x00000000ed920f18,0x00000000ede80000)
  to   space 10752K, 0% used [0x00000000ede80000,0x00000000ede80000,0x00000000ee900000)
 ParOldGen       total 266752K, used 204762K [0x00000000c0000000, 0x00000000d0480000, 0x00000000eab00000)
  object space 266752K, 76% used [0x00000000c0000000,0x00000000cc7f6838,0x00000000d0480000)
 Metaspace       used 49071K, committed 49920K, reserved 1097728K
  class space    used 5404K, committed 5824K, reserved 1048576K
}
Event: 112.495 GC heap after
{Heap after GC invocations=63 (full 6):
 PSYoungGen      total 43520K, used 10730K [0x00000000eab00000, 0x00000000efb00000, 0x0000000100000000)
  eden space 32768K, 0% used [0x00000000eab00000,0x00000000eab00000,0x00000000ecb00000)
  from space 10752K, 99% used [0x00000000ede80000,0x00000000ee8faaf8,0x00000000ee900000)
  to   space 19968K, 0% used [0x00000000ecb00000,0x00000000ecb00000,0x00000000ede80000)
 ParOldGen       total 266752K, used 212097K [0x00000000c0000000, 0x00000000d0480000, 0x00000000eab00000)
  object space 266752K, 79% used [0x00000000c0000000,0x00000000ccf20528,0x00000000d0480000)
 Metaspace       used 49071K, committed 49920K, reserved 1097728K
  class space    used 5404K, committed 5824K, reserved 1048576K
}
Event: 113.825 GC heap before
{Heap before GC invocations=64 (full 6):
 PSYoungGen      total 43520K, used 43498K [0x00000000eab00000, 0x00000000efb00000, 0x0000000100000000)
  eden space 32768K, 100% used [0x00000000eab00000,0x00000000ecb00000,0x00000000ecb00000)
  from space 10752K, 99% used [0x00000000ede80000,0x00000000ee8faaf8,0x00000000ee900000)
  to   space 19968K, 0% used [0x00000000ecb00000,0x00000000ecb00000,0x00000000ede80000)
 ParOldGen       total 266752K, used 212097K [0x00000000c0000000, 0x00000000d0480000, 0x00000000eab00000)
  object space 266752K, 79% used [0x00000000c0000000,0x00000000ccf20528,0x00000000d0480000)
 Metaspace       used 49072K, committed 49920K, reserved 1097728K
  class space    used 5404K, committed 5824K, reserved 1048576K
}
Event: 114.051 GC heap after
{Heap after GC invocations=64 (full 6):
 PSYoungGen      total 40448K, used 7522K [0x00000000eab00000, 0x00000000ee500000, 0x0000000100000000)
  eden space 32768K, 0% used [0x00000000eab00000,0x00000000eab00000,0x00000000ecb00000)
  from space 7680K, 97% used [0x00000000ecb00000,0x00000000ed258bd8,0x00000000ed280000)
  to   space 11776K, 0% used [0x00000000ed980000,0x00000000ed980000,0x00000000ee500000)
 ParOldGen       total 266752K, used 222705K [0x00000000c0000000, 0x00000000d0480000, 0x00000000eab00000)
  object space 266752K, 83% used [0x00000000c0000000,0x00000000cd97c5f8,0x00000000d0480000)
 Metaspace       used 49072K, committed 49920K, reserved 1097728K
  class space    used 5404K, committed 5824K, reserved 1048576K
}
Event: 115.187 GC heap before
{Heap before GC invocations=65 (full 6):
 PSYoungGen      total 40448K, used 40290K [0x00000000eab00000, 0x00000000ee500000, 0x0000000100000000)
  eden space 32768K, 100% used [0x00000000eab00000,0x00000000ecb00000,0x00000000ecb00000)
  from space 7680K, 97% used [0x00000000ecb00000,0x00000000ed258bd8,0x00000000ed280000)
  to   space 11776K, 0% used [0x00000000ed980000,0x00000000ed980000,0x00000000ee500000)
 ParOldGen       total 266752K, used 222705K [0x00000000c0000000, 0x00000000d0480000, 0x00000000eab00000)
  object space 266752K, 83% used [0x00000000c0000000,0x00000000cd97c5f8,0x00000000d0480000)
 Metaspace       used 49072K, committed 49920K, reserved 1097728K
  class space    used 5404K, committed 5824K, reserved 1048576K
}
Event: 115.367 GC heap after
{Heap after GC invocations=65 (full 6):
 PSYoungGen      total 42496K, used 11745K [0x00000000eab00000, 0x00000000eef00000, 0x0000000100000000)
  eden space 30720K, 0% used [0x00000000eab00000,0x00000000eab00000,0x00000000ec900000)
  from space 11776K, 99% used [0x00000000ed980000,0x00000000ee4f8518,0x00000000ee500000)
  to   space 16896K, 0% used [0x00000000ec900000,0x00000000ec900000,0x00000000ed980000)
 ParOldGen       total 266752K, used 225989K [0x00000000c0000000, 0x00000000d0480000, 0x00000000eab00000)
  object space 266752K, 84% used [0x00000000c0000000,0x00000000cdcb1648,0x00000000d0480000)
 Metaspace       used 49072K, committed 49920K, reserved 1097728K
  class space    used 5404K, committed 5824K, reserved 1048576K
}
Event: 116.368 GC heap before
{Heap before GC invocations=66 (full 6):
 PSYoungGen      total 42496K, used 42465K [0x00000000eab00000, 0x00000000eef00000, 0x0000000100000000)
  eden space 30720K, 100% used [0x00000000eab00000,0x00000000ec900000,0x00000000ec900000)
  from space 11776K, 99% used [0x00000000ed980000,0x00000000ee4f8518,0x00000000ee500000)
  to   space 16896K, 0% used [0x00000000ec900000,0x00000000ec900000,0x00000000ed980000)
 ParOldGen       total 266752K, used 225989K [0x00000000c0000000, 0x00000000d0480000, 0x00000000eab00000)
  object space 266752K, 84% used [0x00000000c0000000,0x00000000cdcb1648,0x00000000d0480000)
 Metaspace       used 49072K, committed 49920K, reserved 1097728K
  class space    used 5404K, committed 5824K, reserved 1048576K
}
Event: 116.897 GC heap after
{Heap after GC invocations=66 (full 6):
 PSYoungGen      total 37888K, used 7004K [0x00000000eab00000, 0x00000000ee080000, 0x0000000100000000)
  eden space 30720K, 0% used [0x00000000eab00000,0x00000000eab00000,0x00000000ec900000)
  from space 7168K, 97% used [0x00000000ec900000,0x00000000ecfd7180,0x00000000ed000000)
  to   space 10240K, 0% used [0x00000000ed680000,0x00000000ed680000,0x00000000ee080000)
 ParOldGen       total 266752K, used 237878K [0x00000000c0000000, 0x00000000d0480000, 0x00000000eab00000)
  object space 266752K, 89% used [0x00000000c0000000,0x00000000ce84d978,0x00000000d0480000)
 Metaspace       used 49072K, committed 49920K, reserved 1097728K
  class space    used 5404K, committed 5824K, reserved 1048576K
}
Event: 118.762 GC heap before
{Heap before GC invocations=67 (full 6):
 PSYoungGen      total 37888K, used 37724K [0x00000000eab00000, 0x00000000ee080000, 0x0000000100000000)
  eden space 30720K, 100% used [0x00000000eab00000,0x00000000ec900000,0x00000000ec900000)
  from space 7168K, 97% used [0x00000000ec900000,0x00000000ecfd7180,0x00000000ed000000)
  to   space 10240K, 0% used [0x00000000ed680000,0x00000000ed680000,0x00000000ee080000)
 ParOldGen       total 266752K, used 237878K [0x00000000c0000000, 0x00000000d0480000, 0x00000000eab00000)
  object space 266752K, 89% used [0x00000000c0000000,0x00000000ce84d978,0x00000000d0480000)
 Metaspace       used 49072K, committed 49920K, reserved 1097728K
  class space    used 5404K, committed 5824K, reserved 1048576K
}
Event: 118.980 GC heap after
{Heap after GC invocations=67 (full 6):
 PSYoungGen      total 40960K, used 6889K [0x00000000eab00000, 0x00000000edd80000, 0x0000000100000000)
  eden space 33792K, 0% used [0x00000000eab00000,0x00000000eab00000,0x00000000ecc00000)
  from space 7168K, 96% used [0x00000000ed680000,0x00000000edd3a7e0,0x00000000edd80000)
  to   space 7680K, 0% used [0x00000000ece80000,0x00000000ece80000,0x00000000ed600000)
 ParOldGen       total 266752K, used 244784K [0x00000000c0000000, 0x00000000d0480000, 0x00000000eab00000)
  object space 266752K, 91% used [0x00000000c0000000,0x00000000cef0c080,0x00000000d0480000)
 Metaspace       used 49072K, committed 49920K, reserved 1097728K
  class space    used 5404K, committed 5824K, reserved 1048576K
}
Event: 120.654 GC heap before
{Heap before GC invocations=68 (full 6):
 PSYoungGen      total 40960K, used 40681K [0x00000000eab00000, 0x00000000edd80000, 0x0000000100000000)
  eden space 33792K, 100% used [0x00000000eab00000,0x00000000ecc00000,0x00000000ecc00000)
  from space 7168K, 96% used [0x00000000ed680000,0x00000000edd3a7e0,0x00000000edd80000)
  to   space 7680K, 0% used [0x00000000ece80000,0x00000000ece80000,0x00000000ed600000)
 ParOldGen       total 266752K, used 244784K [0x00000000c0000000, 0x00000000d0480000, 0x00000000eab00000)
  object space 266752K, 91% used [0x00000000c0000000,0x00000000cef0c080,0x00000000d0480000)
 Metaspace       used 49072K, committed 49920K, reserved 1097728K
  class space    used 5404K, committed 5824K, reserved 1048576K
}
Event: 120.937 GC heap after
{Heap after GC invocations=68 (full 6):
 PSYoungGen      total 44032K, used 7658K [0x00000000eab00000, 0x00000000eef80000, 0x0000000100000000)
  eden space 36352K, 0% used [0x00000000eab00000,0x00000000eab00000,0x00000000ece80000)
  from space 7680K, 99% used [0x00000000ece80000,0x00000000ed5fa858,0x00000000ed600000)
  to   space 16384K, 0% used [0x00000000edf80000,0x00000000edf80000,0x00000000eef80000)
 ParOldGen       total 266752K, used 251765K [0x00000000c0000000, 0x00000000d0480000, 0x00000000eab00000)
  object space 266752K, 94% used [0x00000000c0000000,0x00000000cf5dd500,0x00000000d0480000)
 Metaspace       used 49072K, committed 49920K, reserved 1097728K
  class space    used 5404K, committed 5824K, reserved 1048576K
}
Event: 122.370 GC heap before
{Heap before GC invocations=69 (full 6):
 PSYoungGen      total 44032K, used 44010K [0x00000000eab00000, 0x00000000eef80000, 0x0000000100000000)
  eden space 36352K, 100% used [0x00000000eab00000,0x00000000ece80000,0x00000000ece80000)
  from space 7680K, 99% used [0x00000000ece80000,0x00000000ed5fa858,0x00000000ed600000)
  to   space 16384K, 0% used [0x00000000edf80000,0x00000000edf80000,0x00000000eef80000)
 ParOldGen       total 266752K, used 251765K [0x00000000c0000000, 0x00000000d0480000, 0x00000000eab00000)
  object space 266752K, 94% used [0x00000000c0000000,0x00000000cf5dd500,0x00000000d0480000)
 Metaspace       used 49072K, committed 49920K, reserved 1097728K
  class space    used 5404K, committed 5824K, reserved 1048576K
}
Event: 122.676 GC heap after
{Heap after GC invocations=69 (full 6):
 PSYoungGen      total 49664K, used 8739K [0x00000000eab00000, 0x00000000ee880000, 0x0000000100000000)
  eden space 40448K, 0% used [0x00000000eab00000,0x00000000eab00000,0x00000000ed280000)
  from space 9216K, 94% used [0x00000000edf80000,0x00000000ee808fd0,0x00000000ee880000)
  to   space 11264K, 0% used [0x00000000ed280000,0x00000000ed280000,0x00000000edd80000)
 ParOldGen       total 266752K, used 259445K [0x00000000c0000000, 0x00000000d0480000, 0x00000000eab00000)
  object space 266752K, 97% used [0x00000000c0000000,0x00000000cfd5d778,0x00000000d0480000)
 Metaspace       used 49072K, committed 49920K, reserved 1097728K
  class space    used 5404K, committed 5824K, reserved 1048576K
}
Event: 122.676 GC heap before
{Heap before GC invocations=70 (full 7):
 PSYoungGen      total 49664K, used 8739K [0x00000000eab00000, 0x00000000ee880000, 0x0000000100000000)
  eden space 40448K, 0% used [0x00000000eab00000,0x00000000eab00000,0x00000000ed280000)
  from space 9216K, 94% used [0x00000000edf80000,0x00000000ee808fd0,0x00000000ee880000)
  to   space 11264K, 0% used [0x00000000ed280000,0x00000000ed280000,0x00000000edd80000)
 ParOldGen       total 266752K, used 259445K [0x00000000c0000000, 0x00000000d0480000, 0x00000000eab00000)
  object space 266752K, 97% used [0x00000000c0000000,0x00000000cfd5d778,0x00000000d0480000)
 Metaspace       used 49072K, committed 49920K, reserved 1097728K
  class space    used 5404K, committed 5824K, reserved 1048576K
}

